<?xml version="1.0" encoding="UTF-8"?>
<coverage generated="1702485064918" clover="3.2.0">
  <project timestamp="1702485064918" name="All files">
    <metrics statements="60" coveredstatements="57" conditionals="18" coveredconditionals="12" methods="24" coveredmethods="22" elements="102" coveredelements="91" complexity="0" loc="60" ncloc="60" packages="2" files="6" classes="6"/>
    <package name="components">
      <metrics statements="59" coveredstatements="56" conditionals="18" coveredconditionals="12" methods="24" coveredmethods="22"/>
      <file name="Body.js" path="C:\Namaste react\Food-Ordering-Website\src\components\Body.js">
        <metrics statements="26" coveredstatements="24" conditionals="6" coveredconditionals="4" methods="10" coveredmethods="9"/>
        <line num="9" count="1" type="stmt"/>
        <line num="10" count="7" type="stmt"/>
        <line num="11" count="7" type="stmt"/>
        <line num="12" count="7" type="stmt"/>
        <line num="14" count="7" type="stmt"/>
        <line num="16" count="7" type="stmt"/>
        <line num="18" count="7" type="stmt"/>
        <line num="21" count="7" type="stmt"/>
        <line num="22" count="2" type="stmt"/>
        <line num="25" count="7" type="stmt"/>
        <line num="26" count="2" type="stmt"/>
        <line num="29" count="2" type="stmt"/>
        <line num="32" count="2" type="stmt"/>
        <line num="35" count="2" type="stmt"/>
        <line num="41" count="7" type="cond" truecount="1" falsecount="1"/>
        <line num="42" count="0" type="stmt"/>
        <line num="45" count="7" type="cond" truecount="2" falsecount="0"/>
        <line num="57" count="1" type="stmt"/>
        <line num="63" count="1" type="stmt"/>
        <line num="64" count="20" type="stmt"/>
        <line num="67" count="1" type="stmt"/>
        <line num="78" count="1" type="stmt"/>
        <line num="79" count="20" type="stmt"/>
        <line num="82" count="1" type="stmt"/>
        <line num="94" count="0" type="stmt"/>
        <line num="100" count="81" type="stmt"/>
      </file>
      <file name="Cart.js" path="C:\Namaste react\Food-Ordering-Website\src\components\Cart.js">
        <metrics statements="6" coveredstatements="6" conditionals="2" coveredconditionals="2" methods="3" coveredmethods="3"/>
        <line num="6" count="1" type="stmt"/>
        <line num="8" count="6" type="stmt"/>
        <line num="9" count="3" type="stmt"/>
        <line num="11" count="3" type="stmt"/>
        <line num="12" count="1" type="stmt"/>
        <line num="14" count="3" type="stmt"/>
      </file>
      <file name="Header.js" path="C:\Namaste react\Food-Ordering-Website\src\components\Header.js">
        <metrics statements="7" coveredstatements="6" conditionals="4" coveredconditionals="1" methods="3" coveredmethods="2"/>
        <line num="8" count="1" type="stmt"/>
        <line num="9" count="3" type="stmt"/>
        <line num="11" count="3" type="stmt"/>
        <line num="13" count="6" type="stmt"/>
        <line num="15" count="3" type="stmt"/>
        <line num="18" count="3" type="stmt"/>
        <line num="45" count="0" type="cond" truecount="0" falsecount="2"/>
      </file>
      <file name="ItemList.js" path="C:\Namaste react\Food-Ordering-Website\src\components\ItemList.js">
        <metrics statements="7" coveredstatements="7" conditionals="2" coveredconditionals="1" methods="4" coveredmethods="4"/>
        <line num="5" count="1" type="stmt"/>
        <line num="8" count="4" type="stmt"/>
        <line num="10" count="4" type="stmt"/>
        <line num="11" count="1" type="stmt"/>
        <line num="13" count="4" type="stmt"/>
        <line num="16" count="4" type="stmt"/>
        <line num="27" count="1" type="stmt"/>
      </file>
      <file name="RestaurantMenu.js" path="C:\Namaste react\Food-Ordering-Website\src\components\RestaurantMenu.js">
        <metrics statements="13" coveredstatements="13" conditionals="4" coveredconditionals="4" methods="4" coveredmethods="4"/>
        <line num="8" count="1" type="stmt"/>
        <line num="10" count="3" type="stmt"/>
        <line num="12" count="3" type="stmt"/>
        <line num="14" count="3" type="stmt"/>
        <line num="28" count="3" type="cond" truecount="2" falsecount="0"/>
        <line num="29" count="1" type="stmt"/>
        <line num="33" count="2" type="stmt"/>
        <line num="35" count="2" type="stmt"/>
        <line num="40" count="2" type="stmt"/>
        <line num="42" count="30" type="stmt"/>
        <line num="46" count="2" type="stmt"/>
        <line num="53" count="12" type="stmt"/>
        <line num="58" count="1" type="stmt"/>
      </file>
    </package>
    <package name="utils">
      <metrics statements="1" coveredstatements="1" conditionals="0" coveredconditionals="0" methods="0" coveredmethods="0"/>
      <file name="appStore.js" path="C:\Namaste react\Food-Ordering-Website\src\utils\appStore.js">
        <metrics statements="1" coveredstatements="1" conditionals="0" coveredconditionals="0" methods="0" coveredmethods="0"/>
        <line num="4" count="1" type="stmt"/>
      </file>
    </package>
  </project>
</coverage>
