{"C:\\Namaste react\\Food-Ordering-Website\\src\\components\\Body.js": {"path":"C:\\Namaste react\\Food-Ordering-Website\\src\\components\\Body.js","statementMap":{"0":{"start":{"line":9,"column":13},"end":{"line":116,"column":1}},"1":{"start":{"line":10,"column":52},"end":{"line":10,"column":64}},"2":{"start":{"line":11,"column":38},"end":{"line":11,"column":50}},"3":{"start":{"line":12,"column":54},"end":{"line":12,"column":66}},"4":{"start":{"line":14,"column":40},"end":{"line":14,"column":63}},"5":{"start":{"line":16,"column":23},"end":{"line":16,"column":40}},"6":{"start":{"line":18,"column":33},"end":{"line":18,"column":66}},"7":{"start":{"line":21,"column":2},"end":{"line":23,"column":9}},"8":{"start":{"line":22,"column":4},"end":{"line":22,"column":16}},"9":{"start":{"line":25,"column":20},"end":{"line":39,"column":3}},"10":{"start":{"line":26,"column":17},"end":{"line":28,"column":5}},"11":{"start":{"line":29,"column":17},"end":{"line":29,"column":34}},"12":{"start":{"line":32,"column":4},"end":{"line":34,"column":6}},"13":{"start":{"line":35,"column":4},"end":{"line":37,"column":6}},"14":{"start":{"line":41,"column":2},"end":{"line":43,"column":3}},"15":{"start":{"line":42,"column":4},"end":{"line":42,"column":47}},"16":{"start":{"line":45,"column":2},"end":{"line":115,"column":4}},"17":{"start":{"line":57,"column":14},"end":{"line":57,"column":44}},"18":{"start":{"line":63,"column":31},"end":{"line":65,"column":15}},"19":{"start":{"line":64,"column":16},"end":{"line":64,"column":78}},"20":{"start":{"line":67,"column":14},"end":{"line":67,"column":46}},"21":{"start":{"line":78,"column":35},"end":{"line":81,"column":15}},"22":{"start":{"line":79,"column":25},"end":{"line":79,"column":47}},"23":{"start":{"line":82,"column":14},"end":{"line":82,"column":50}},"24":{"start":{"line":94,"column":29},"end":{"line":94,"column":56}},"25":{"start":{"line":100,"column":10},"end":{"line":111,"column":17}}},"fnMap":{"0":{"name":"(anonymous_0)","decl":{"start":{"line":9,"column":13},"end":{"line":9,"column":14}},"loc":{"start":{"line":9,"column":19},"end":{"line":116,"column":1}},"line":9},"1":{"name":"(anonymous_1)","decl":{"start":{"line":21,"column":12},"end":{"line":21,"column":13}},"loc":{"start":{"line":21,"column":18},"end":{"line":23,"column":3}},"line":21},"2":{"name":"(anonymous_2)","decl":{"start":{"line":25,"column":20},"end":{"line":25,"column":21}},"loc":{"start":{"line":25,"column":32},"end":{"line":39,"column":3}},"line":25},"3":{"name":"(anonymous_3)","decl":{"start":{"line":56,"column":22},"end":{"line":56,"column":23}},"loc":{"start":{"line":56,"column":29},"end":{"line":58,"column":13}},"line":56},"4":{"name":"(anonymous_4)","decl":{"start":{"line":62,"column":21},"end":{"line":62,"column":22}},"loc":{"start":{"line":62,"column":27},"end":{"line":69,"column":13}},"line":62},"5":{"name":"(anonymous_5)","decl":{"start":{"line":63,"column":56},"end":{"line":63,"column":57}},"loc":{"start":{"line":64,"column":16},"end":{"line":64,"column":78}},"line":64},"6":{"name":"(anonymous_6)","decl":{"start":{"line":77,"column":21},"end":{"line":77,"column":22}},"loc":{"start":{"line":77,"column":27},"end":{"line":83,"column":13}},"line":77},"7":{"name":"(anonymous_7)","decl":{"start":{"line":79,"column":16},"end":{"line":79,"column":17}},"loc":{"start":{"line":79,"column":25},"end":{"line":79,"column":47}},"line":79},"8":{"name":"(anonymous_8)","decl":{"start":{"line":94,"column":22},"end":{"line":94,"column":23}},"loc":{"start":{"line":94,"column":29},"end":{"line":94,"column":56}},"line":94},"9":{"name":"(anonymous_9)","decl":{"start":{"line":99,"column":32},"end":{"line":99,"column":33}},"loc":{"start":{"line":100,"column":10},"end":{"line":111,"column":17}},"line":100}},"branchMap":{"0":{"loc":{"start":{"line":41,"column":2},"end":{"line":43,"column":3}},"type":"if","locations":[{"start":{"line":41,"column":2},"end":{"line":43,"column":3}},{"start":{},"end":{}}],"line":41},"1":{"loc":{"start":{"line":45,"column":9},"end":{"line":115,"column":3}},"type":"cond-expr","locations":[{"start":{"line":46,"column":4},"end":{"line":46,"column":15}},{"start":{"line":48,"column":4},"end":{"line":114,"column":10}}],"line":45},"2":{"loc":{"start":{"line":106,"column":13},"end":{"line":110,"column":13}},"type":"cond-expr","locations":[{"start":{"line":107,"column":14},"end":{"line":107,"column":67}},{"start":{"line":109,"column":14},"end":{"line":109,"column":59}}],"line":106}},"s":{"0":1,"1":7,"2":7,"3":7,"4":7,"5":7,"6":7,"7":7,"8":2,"9":7,"10":2,"11":2,"12":2,"13":2,"14":7,"15":0,"16":7,"17":1,"18":1,"19":20,"20":1,"21":1,"22":20,"23":1,"24":0,"25":81},"f":{"0":7,"1":2,"2":2,"3":1,"4":1,"5":20,"6":1,"7":20,"8":0,"9":81},"b":{"0":[0,7],"1":[2,5],"2":[0,81]},"_coverageSchema":"1a1c01bbd47fc00a2c39e90264f33305004495a9","hash":"a0dbf400c5a740b78d78c62ff6b106541a9ea16b"}
,"C:\\Namaste react\\Food-Ordering-Website\\src\\components\\Cart.js": {"path":"C:\\Namaste react\\Food-Ordering-Website\\src\\components\\Cart.js","statementMap":{"0":{"start":{"line":6,"column":13},"end":{"line":24,"column":1}},"1":{"start":{"line":8,"column":22},"end":{"line":8,"column":62}},"2":{"start":{"line":8,"column":45},"end":{"line":8,"column":61}},"3":{"start":{"line":9,"column":21},"end":{"line":9,"column":34}},"4":{"start":{"line":11,"column":28},"end":{"line":13,"column":5}},"5":{"start":{"line":12,"column":8},"end":{"line":12,"column":30}},"6":{"start":{"line":14,"column":2},"end":{"line":23,"column":3}}},"fnMap":{"0":{"name":"(anonymous_0)","decl":{"start":{"line":6,"column":13},"end":{"line":6,"column":14}},"loc":{"start":{"line":6,"column":19},"end":{"line":24,"column":1}},"line":6},"1":{"name":"(anonymous_1)","decl":{"start":{"line":8,"column":34},"end":{"line":8,"column":35}},"loc":{"start":{"line":8,"column":45},"end":{"line":8,"column":61}},"line":8},"2":{"name":"(anonymous_2)","decl":{"start":{"line":11,"column":28},"end":{"line":11,"column":29}},"loc":{"start":{"line":11,"column":34},"end":{"line":13,"column":5}},"line":11}},"branchMap":{"0":{"loc":{"start":{"line":19,"column":13},"end":{"line":19,"column":129}},"type":"binary-expr","locations":[{"start":{"line":19,"column":13},"end":{"line":19,"column":35}},{"start":{"line":19,"column":39},"end":{"line":19,"column":129}}],"line":19}},"s":{"0":1,"1":3,"2":6,"3":3,"4":3,"5":1,"6":3},"f":{"0":3,"1":6,"2":1},"b":{"0":[3,2]},"_coverageSchema":"1a1c01bbd47fc00a2c39e90264f33305004495a9","hash":"749b696c6a59555d6ca559c0efac652a72e4feb8"}
,"C:\\Namaste react\\Food-Ordering-Website\\src\\components\\Header.js": {"path":"C:\\Namaste react\\Food-Ordering-Website\\src\\components\\Header.js","statementMap":{"0":{"start":{"line":8,"column":15},"end":{"line":57,"column":1}},"1":{"start":{"line":9,"column":32},"end":{"line":9,"column":49}},"2":{"start":{"line":11,"column":23},"end":{"line":11,"column":40}},"3":{"start":{"line":13,"column":20},"end":{"line":13,"column":60}},"4":{"start":{"line":13,"column":43},"end":{"line":13,"column":59}},"5":{"start":{"line":15,"column":25},"end":{"line":15,"column":48}},"6":{"start":{"line":18,"column":2},"end":{"line":56,"column":4}},"7":{"start":{"line":45,"column":14},"end":{"line":45,"column":78}}},"fnMap":{"0":{"name":"(anonymous_0)","decl":{"start":{"line":8,"column":15},"end":{"line":8,"column":16}},"loc":{"start":{"line":8,"column":21},"end":{"line":57,"column":1}},"line":8},"1":{"name":"(anonymous_1)","decl":{"start":{"line":13,"column":32},"end":{"line":13,"column":33}},"loc":{"start":{"line":13,"column":43},"end":{"line":13,"column":59}},"line":13},"2":{"name":"(anonymous_2)","decl":{"start":{"line":44,"column":21},"end":{"line":44,"column":22}},"loc":{"start":{"line":44,"column":27},"end":{"line":46,"column":13}},"line":44}},"branchMap":{"0":{"loc":{"start":{"line":25,"column":45},"end":{"line":25,"column":70}},"type":"cond-expr","locations":[{"start":{"line":25,"column":60},"end":{"line":25,"column":64}},{"start":{"line":25,"column":67},"end":{"line":25,"column":70}}],"line":25},"1":{"loc":{"start":{"line":45,"column":14},"end":{"line":45,"column":77}},"type":"cond-expr","locations":[{"start":{"line":45,"column":35},"end":{"line":45,"column":55}},{"start":{"line":45,"column":58},"end":{"line":45,"column":77}}],"line":45}},"s":{"0":1,"1":3,"2":3,"3":3,"4":6,"5":3,"6":3,"7":0},"f":{"0":3,"1":6,"2":0},"b":{"0":[3,0],"1":[0,0]},"_coverageSchema":"1a1c01bbd47fc00a2c39e90264f33305004495a9","hash":"39d3f4c87a07174c1b771786aacb45597b4d2c1c"}
,"C:\\Namaste react\\Food-Ordering-Website\\src\\components\\ItemList.js": {"path":"C:\\Namaste react\\Food-Ordering-Website\\src\\components\\ItemList.js","statementMap":{"0":{"start":{"line":5,"column":17},"end":{"line":36,"column":1}},"1":{"start":{"line":8,"column":21},"end":{"line":8,"column":34}},"2":{"start":{"line":10,"column":26},"end":{"line":12,"column":5}},"3":{"start":{"line":11,"column":8},"end":{"line":11,"column":31}},"4":{"start":{"line":13,"column":4},"end":{"line":35,"column":5}},"5":{"start":{"line":16,"column":16},"end":{"line":32,"column":22}},"6":{"start":{"line":27,"column":112},"end":{"line":27,"column":131}}},"fnMap":{"0":{"name":"(anonymous_0)","decl":{"start":{"line":5,"column":17},"end":{"line":5,"column":18}},"loc":{"start":{"line":5,"column":32},"end":{"line":36,"column":1}},"line":5},"1":{"name":"(anonymous_1)","decl":{"start":{"line":10,"column":26},"end":{"line":10,"column":27}},"loc":{"start":{"line":10,"column":36},"end":{"line":12,"column":5}},"line":10},"2":{"name":"(anonymous_2)","decl":{"start":{"line":15,"column":23},"end":{"line":15,"column":24}},"loc":{"start":{"line":16,"column":16},"end":{"line":32,"column":22}},"line":16},"3":{"name":"(anonymous_3)","decl":{"start":{"line":27,"column":106},"end":{"line":27,"column":107}},"loc":{"start":{"line":27,"column":112},"end":{"line":27,"column":131}},"line":27}},"branchMap":{"0":{"loc":{"start":{"line":21,"column":35},"end":{"line":21,"column":116}},"type":"cond-expr","locations":[{"start":{"line":21,"column":58},"end":{"line":21,"column":82}},{"start":{"line":21,"column":85},"end":{"line":21,"column":116}}],"line":21}},"s":{"0":1,"1":4,"2":4,"3":1,"4":4,"5":4,"6":1},"f":{"0":4,"1":1,"2":4,"3":1},"b":{"0":[4,0]},"_coverageSchema":"1a1c01bbd47fc00a2c39e90264f33305004495a9","hash":"678a6ac4cab41617743932942ae60f1840954cf0"}
,"C:\\Namaste react\\Food-Ordering-Website\\src\\components\\RestaurantMenu.js": {"path":"C:\\Namaste react\\Food-Ordering-Website\\src\\components\\RestaurantMenu.js","statementMap":{"0":{"start":{"line":8,"column":23},"end":{"line":64,"column":1}},"1":{"start":{"line":10,"column":20},"end":{"line":10,"column":31}},"2":{"start":{"line":12,"column":18},"end":{"line":12,"column":42}},"3":{"start":{"line":14,"column":36},"end":{"line":14,"column":50}},"4":{"start":{"line":28,"column":2},"end":{"line":30,"column":3}},"5":{"start":{"line":29,"column":4},"end":{"line":29,"column":23}},"6":{"start":{"line":33,"column":4},"end":{"line":33,"column":39}},"7":{"start":{"line":35,"column":4},"end":{"line":35,"column":79}},"8":{"start":{"line":40,"column":4},"end":{"line":44,"column":5}},"9":{"start":{"line":42,"column":8},"end":{"line":43,"column":70}},"10":{"start":{"line":46,"column":2},"end":{"line":63,"column":4}},"11":{"start":{"line":53,"column":8},"end":{"line":60,"column":10}},"12":{"start":{"line":58,"column":12},"end":{"line":58,"column":31}}},"fnMap":{"0":{"name":"(anonymous_0)","decl":{"start":{"line":8,"column":23},"end":{"line":8,"column":24}},"loc":{"start":{"line":8,"column":29},"end":{"line":64,"column":1}},"line":8},"1":{"name":"(anonymous_1)","decl":{"start":{"line":41,"column":6},"end":{"line":41,"column":7}},"loc":{"start":{"line":42,"column":8},"end":{"line":43,"column":70}},"line":42},"2":{"name":"(anonymous_2)","decl":{"start":{"line":52,"column":22},"end":{"line":52,"column":23}},"loc":{"start":{"line":53,"column":8},"end":{"line":60,"column":10}},"line":53},"3":{"name":"(anonymous_3)","decl":{"start":{"line":57,"column":25},"end":{"line":57,"column":26}},"loc":{"start":{"line":57,"column":31},"end":{"line":59,"column":11}},"line":57}},"branchMap":{"0":{"loc":{"start":{"line":28,"column":2},"end":{"line":30,"column":3}},"type":"if","locations":[{"start":{"line":28,"column":2},"end":{"line":30,"column":3}},{"start":{},"end":{}}],"line":28},"1":{"loc":{"start":{"line":56,"column":21},"end":{"line":56,"column":48}},"type":"binary-expr","locations":[{"start":{"line":56,"column":21},"end":{"line":56,"column":40}},{"start":{"line":56,"column":44},"end":{"line":56,"column":48}}],"line":56}},"s":{"0":1,"1":3,"2":3,"3":3,"4":3,"5":1,"6":2,"7":2,"8":2,"9":30,"10":2,"11":12,"12":1},"f":{"0":3,"1":30,"2":12,"3":1},"b":{"0":[1,2],"1":[12,1]},"_coverageSchema":"1a1c01bbd47fc00a2c39e90264f33305004495a9","hash":"f978c8dfa481385b71f1aab065e5430450bf7991"}
,"C:\\Namaste react\\Food-Ordering-Website\\src\\utils\\appStore.js": {"path":"C:\\Namaste react\\Food-Ordering-Website\\src\\utils\\appStore.js","statementMap":{"0":{"start":{"line":4,"column":17},"end":{"line":9,"column":1}}},"fnMap":{},"branchMap":{},"s":{"0":1},"f":{},"b":{},"_coverageSchema":"1a1c01bbd47fc00a2c39e90264f33305004495a9","hash":"e4c143b772837b08a464a87e430171fc7c34bf00"}
}
