TN:
SF:src\components\Body.js
FN:9,(anonymous_0)
FN:21,(anonymous_1)
FN:25,(anonymous_2)
FN:56,(anonymous_3)
FN:62,(anonymous_4)
FN:63,(anonymous_5)
FN:77,(anonymous_6)
FN:79,(anonymous_7)
FN:94,(anonymous_8)
FN:99,(anonymous_9)
FNF:10
FNH:9
FNDA:7,(anonymous_0)
FNDA:2,(anonymous_1)
FNDA:2,(anonymous_2)
FNDA:1,(anonymous_3)
FNDA:1,(anonymous_4)
FNDA:20,(anonymous_5)
FNDA:1,(anonymous_6)
FNDA:20,(anonymous_7)
FNDA:0,(anonymous_8)
FNDA:81,(anonymous_9)
DA:9,1
DA:10,7
DA:11,7
DA:12,7
DA:14,7
DA:16,7
DA:18,7
DA:21,7
DA:22,2
DA:25,7
DA:26,2
DA:29,2
DA:32,2
DA:35,2
DA:41,7
DA:42,0
DA:45,7
DA:57,1
DA:63,1
DA:64,20
DA:67,1
DA:78,1
DA:79,20
DA:82,1
DA:94,0
DA:100,81
LF:26
LH:24
BRDA:41,0,0,0
BRDA:41,0,1,7
BRDA:45,1,0,2
BRDA:45,1,1,5
BRDA:106,2,0,0
BRDA:106,2,1,81
BRF:6
BRH:4
end_of_record
TN:
SF:src\components\Cart.js
FN:6,(anonymous_0)
FN:8,(anonymous_1)
FN:11,(anonymous_2)
FNF:3
FNH:3
FNDA:3,(anonymous_0)
FNDA:6,(anonymous_1)
FNDA:1,(anonymous_2)
DA:6,1
DA:8,6
DA:9,3
DA:11,3
DA:12,1
DA:14,3
LF:6
LH:6
BRDA:19,0,0,3
BRDA:19,0,1,2
BRF:2
BRH:2
end_of_record
TN:
SF:src\components\Header.js
FN:8,(anonymous_0)
FN:13,(anonymous_1)
FN:44,(anonymous_2)
FNF:3
FNH:2
FNDA:3,(anonymous_0)
FNDA:6,(anonymous_1)
FNDA:0,(anonymous_2)
DA:8,1
DA:9,3
DA:11,3
DA:13,6
DA:15,3
DA:18,3
DA:45,0
LF:7
LH:6
BRDA:25,0,0,3
BRDA:25,0,1,0
BRDA:45,1,0,0
BRDA:45,1,1,0
BRF:4
BRH:1
end_of_record
TN:
SF:src\components\ItemList.js
FN:5,(anonymous_0)
FN:10,(anonymous_1)
FN:15,(anonymous_2)
FN:27,(anonymous_3)
FNF:4
FNH:4
FNDA:4,(anonymous_0)
FNDA:1,(anonymous_1)
FNDA:4,(anonymous_2)
FNDA:1,(anonymous_3)
DA:5,1
DA:8,4
DA:10,4
DA:11,1
DA:13,4
DA:16,4
DA:27,1
LF:7
LH:7
BRDA:21,0,0,4
BRDA:21,0,1,0
BRF:2
BRH:1
end_of_record
TN:
SF:src\components\RestaurantMenu.js
FN:8,(anonymous_0)
FN:41,(anonymous_1)
FN:52,(anonymous_2)
FN:57,(anonymous_3)
FNF:4
FNH:4
FNDA:3,(anonymous_0)
FNDA:30,(anonymous_1)
FNDA:12,(anonymous_2)
FNDA:1,(anonymous_3)
DA:8,1
DA:10,3
DA:12,3
DA:14,3
DA:28,3
DA:29,1
DA:33,2
DA:35,2
DA:40,2
DA:42,30
DA:46,2
DA:53,12
DA:58,1
LF:13
LH:13
BRDA:28,0,0,1
BRDA:28,0,1,2
BRDA:56,1,0,12
BRDA:56,1,1,1
BRF:4
BRH:4
end_of_record
TN:
SF:src\utils\appStore.js
FNF:0
FNH:0
DA:4,1
LF:1
LH:1
BRF:0
BRH:0
end_of_record
