TN:
SF:src\components\Body.js
FN:9,(anonymous_0)
FN:21,(anonymous_1)
FN:25,(anonymous_2)
FN:56,(anonymous_3)
FN:62,(anonymous_4)
FN:63,(anonymous_5)
FN:77,(anonymous_6)
FN:79,(anonymous_7)
FN:94,(anonymous_8)
FN:99,(anonymous_9)
FNF:10
FNH:7
FNDA:4,(anonymous_0)
FNDA:1,(anonymous_1)
FNDA:1,(anonymous_2)
FNDA:1,(anonymous_3)
FNDA:1,(anonymous_4)
FNDA:20,(anonymous_5)
FNDA:0,(anonymous_6)
FNDA:0,(anonymous_7)
FNDA:0,(anonymous_8)
FNDA:43,(anonymous_9)
DA:9,1
DA:10,4
DA:11,4
DA:12,4
DA:14,4
DA:16,4
DA:18,4
DA:21,4
DA:22,1
DA:25,4
DA:26,1
DA:29,1
DA:32,1
DA:35,1
DA:41,4
DA:42,0
DA:45,4
DA:57,1
DA:63,1
DA:64,20
DA:67,1
DA:78,0
DA:79,0
DA:82,0
DA:94,0
DA:100,43
LF:26
LH:21
BRDA:41,0,0,0
BRDA:41,0,1,4
BRDA:45,1,0,1
BRDA:45,1,1,3
BRDA:106,2,0,0
BRDA:106,2,1,43
BRF:6
BRH:4
end_of_record
TN:
SF:src\components\Header.js
FN:8,(anonymous_0)
FN:13,(anonymous_1)
FN:44,(anonymous_2)
FNF:3
FNH:3
FNDA:5,(anonymous_0)
FNDA:9,(anonymous_1)
FNDA:1,(anonymous_2)
DA:8,1
DA:9,5
DA:11,5
DA:13,9
DA:15,5
DA:18,5
DA:45,1
LF:7
LH:7
BRDA:25,0,0,5
BRDA:25,0,1,0
BRDA:45,1,0,1
BRDA:45,1,1,0
BRF:4
BRH:2
end_of_record
TN:
SF:src\components\RestaurantCard.js
FN:3,(anonymous_0)
FN:37,(anonymous_1)
FN:38,(anonymous_2)
FNF:3
FNH:2
FNDA:44,(anonymous_0)
FNDA:4,(anonymous_1)
FNDA:0,(anonymous_2)
DA:3,2
DA:4,44
DA:5,44
DA:14,44
DA:17,44
DA:37,2
DA:38,4
DA:39,0
LF:8
LH:7
BRF:0
BRH:0
end_of_record
TN:
SF:src\utils\appStore.js
FNF:0
FNH:0
DA:4,1
LF:1
LH:1
BRF:0
BRH:0
end_of_record
